
Showing logs for build [32mjenkins-x-labs-bot-bdd-gh-15862-qdwdz-1[0m stage [32mfrom-build-pack[0m and container [32mstep-credential-initializer-vgcfw[0m
{"level":"warn","ts":1586269137.6212337,"logger":"fallback-logger","caller":"logging/config.go:69","msg":"Fetch GitHub commit ID from kodata failed: \"ref: refs/heads/0.8.0-**-support-backwards-incompats\" is not a valid GitHub commit ID"}
{"level":"info","ts":1586269137.6216714,"logger":"fallback-logger","caller":"creds-init/main.go:40","msg":"Credentials initialized."}

Showing logs for build [32mjenkins-x-labs-bot-bdd-gh-15862-qdwdz-1[0m stage [32mfrom-build-pack[0m and container [32mstep-working-dir-initializer-mdhlt[0m
{"level":"warn","ts":1586269138.1149042,"logger":"fallback-logger","caller":"logging/config.go:69","msg":"Fetch GitHub commit ID from kodata failed: open /var/run/ko/HEAD: no such file or directory"}
{"level":"info","ts":1586269138.1195552,"logger":"fallback-logger","caller":"bash/main.go:64","msg":"Successfully executed command \"sh -c mkdir -p /workspace/source\"; output "}

Showing logs for build [32mjenkins-x-labs-bot-bdd-gh-15862-qdwdz-1[0m stage [32mfrom-build-pack[0m and container [32mstep-place-tools[0m

Showing logs for build [32mjenkins-x-labs-bot-bdd-gh-15862-qdwdz-1[0m stage [32mfrom-build-pack[0m and container [32mstep-git-source-jenkins-x-labs-bot-bdd-gh-15862-qdwdz-njfhn[0m
{"level":"warn","ts":1586269144.197141,"logger":"fallback-logger","caller":"logging/config.go:69","msg":"Fetch GitHub commit ID from kodata failed: \"ref: refs/heads/0.8.0-**-support-backwards-incompats\" is not a valid GitHub commit ID"}
{"level":"info","ts":1586269145.2994883,"logger":"fallback-logger","caller":"git/git.go:103","msg":"Successfully cloned https://github.com/******************/bdd-gh-1586268714.git @ master in path /workspace/source"}

Showing logs for build [32mjenkins-x-labs-bot-bdd-gh-15862-qdwdz-1[0m stage [32mfrom-build-pack[0m and container [32mstep-git-merge[0m
Using SHAs from PULL_REFS=master:c9dc840a1131d0e7e28bae3a6157685661140780,1:dfa24b5a96dcbfa621d74434ee88f2cbe7ddf1a4
DEBUG: LC_ALL=C JX_LOG_LEVEL=error git fetch origin --unshallow dfa24b5a96dcbfa621d74434ee88f2cbe7ddf1a4: c9dc840a1131d0e7e28bae3a6157685661140780:
DEBUG: ran git fetch --unshallow origin dfa24b5a96dcbfa621d74434ee88f2cbe7ddf1a4: c9dc840a1131d0e7e28bae3a6157685661140780: in 
DEBUG: LC_ALL=C JX_LOG_LEVEL=error git branch
DEBUG: LC_ALL=C JX_LOG_LEVEL=error git checkout master
DEBUG: ran git checkout master in 
DEBUG: LC_ALL=C JX_LOG_LEVEL=error git reset --hard c9dc840a1131d0e7e28bae3a6157685661140780
DEBUG: ran git reset --hard c9dc840a1131d0e7e28bae3a6157685661140780 in 
DEBUG: LC_ALL=C JX_LOG_LEVEL=error git clean -fd .
DEBUG: ran clean --force -d . in 
DEBUG: LC_ALL=C JX_LOG_LEVEL=error git merge dfa24b5a96dcbfa621d74434ee88f2cbe7ddf1a4
DEBUG: ran git merge dfa24b5a96dcbfa621d74434ee88f2cbe7ddf1a4 in 
DEBUG: LC_ALL=C JX_LOG_LEVEL=error git log --format=%H%x1f%an%x1f%ae%x1f%cn%x1f%ce%x1f%s%n%b%x1e c9dc840a1131d0e7e28bae3a6157685661140780..HEAD
Merged SHA dfa24b5a96dcbfa621d74434ee88f2cbe7ddf1a4 with commit message 'My first PR commit' into base branch master

Showing logs for build [32mjenkins-x-labs-bot-bdd-gh-15862-qdwdz-1[0m stage [32mfrom-build-pack[0m and container [32mstep-build-make-linux[0m
CGO_ENABLED=0 GOOS=linux GOARCH=amd64 GO15VENDOREXPERIMENT=1 go build -ldflags '' -o bin/bdd-gh-1586268714 main.go

Showing logs for build [32mjenkins-x-labs-bot-bdd-gh-15862-qdwdz-1[0m stage [32mfrom-build-pack[0m and container [32mstep-build-container-build[0m
ERROR: logging before flag.Parse: E0407 14:19:11.981628      11 metadata.go:241] Failed to unmarshal scopes: invalid character 'h' looking for beginning of value
[36mINFO[0m[0000] No base image, nothing to extract            
[36mINFO[0m[0000] cmd: EXPOSE                                  
[36mINFO[0m[0000] Adding exposed port: 8080/tcp                
[36mINFO[0m[0000] Using files from context: [/workspace/source/bin] 
[36mINFO[0m[0000] Skipping unpacking as no commands require it. 
[36mINFO[0m[0000] Taking snapshot of full filesystem...        
[36mINFO[0m[0000] EXPOSE 8080                                  
[36mINFO[0m[0000] cmd: EXPOSE                                  
[36mINFO[0m[0000] Adding exposed port: 8080/tcp                
[36mINFO[0m[0000] No files changed in this command, skipping snapshotting. 
[36mINFO[0m[0000] ENTRYPOINT ["/bdd-gh-1586268714"]            
[36mINFO[0m[0000] No files changed in this command, skipping snapshotting. 
[36mINFO[0m[0000] Using files from context: [/workspace/source/bin] 
[36mINFO[0m[0000] COPY ./bin/ /                                
[36mINFO[0m[0000] Taking snapshot of files...                  
2020/04/07 14:19:15 pushed blob: sha256:c66ebf56f072d5c5c66006083a5d8f1686b6ca671d8488cfaa4515249473b29b
2020/04/07 14:19:16 pushed blob: sha256:38d6bc9f6c83e46319d6d9377a7a81283ad393e7a92b9f464fc32dd9ba6856f3
2020/04/07 14:19:17 gcr.io/jenkins-x-labs-bdd/bdd-gh-1586268714:0.0.0-SNAPSHOT-PR-1-1: digest: sha256:614dc77b3e8d48216d70701de55a8c8aba1de3a8b6bfbc9a6ed338a45e8d43e8 size: 428

Showing logs for build [32mjenkins-x-labs-bot-bdd-gh-15862-qdwdz-1[0m stage [32mfrom-build-pack[0m and container [32mstep-postbuild-post-build[0m
no CVE provider running in the current ** namespace so skip adding image to be analysed

Showing logs for build [32mjenkins-x-labs-bot-bdd-gh-15862-qdwdz-1[0m stage [32mfrom-build-pack[0m and container [32mstep-promote-make-preview[0m
sed -i -e "s/version:.*/version: 0.0.0-SNAPSHOT-PR-1-1/" Chart.yaml
sed -i -e "s/version:.*/version: 0.0.0-SNAPSHOT-PR-1-1/" ../*/Chart.yaml
sed -i -e "s|repository:.*|repository: gcr.io\/jenkins-x-labs-bdd\/bdd-gh-1586268714|" values.yaml
sed -i -e "s/tag:.*/tag: 0.0.0-SNAPSHOT-PR-1-1/" values.yaml
echo "  version: 0.0.0-SNAPSHOT-PR-1-1" >> requirements.yaml
** step helm build
WARNING: No $CHART_REPOSITORY defined so using the default value of: http://jenkins-x-chartmuseum:8080
Adding missing Helm repo: storage.googleapis.com https://storage.googleapis.com/chartmuseum.jenkins-x.io
Successfully added Helm repository storage.googleapis.com.
Adding missing Helm repo: jenkins-x-chartmuseum http://jenkins-x-chartmuseum:8080
Successfully added Helm repository jenkins-x-chartmuseum.
WARNING: No $CHART_REPOSITORY defined so using the default value of: http://jenkins-x-chartmuseum:8080

Showing logs for build [32mjenkins-x-labs-bot-bdd-gh-15862-qdwdz-1[0m stage [32mfrom-build-pack[0m and container [32mstep-promote-jx-preview[0m
Creating a preview
Created environment ******************-bdd-gh-1586268714-pr-1
Namespace **-******************-bdd-gh-1586268714-pr-1 created 
expose:
  Annotations:
    helm.sh/hook: post-install,post-upgrade
    helm.sh/hook-delete-policy: hook-succeeded
  config:
    domain: 35.195.19.127.nip.io
    exposer: Ingress
    http: "true"
preview:
  image:
    repository: gcr.io/jenkins-x-labs-bdd/bdd-gh-1586268714
    tag: 0.0.0-SNAPSHOT-PR-1-1
adding helm values file /workspace/source/charts/preview/**Requirements.values.yaml for namespace **-******************-bdd-gh-1586268714-pr-1
Updating PipelineActivities ******************-bdd-gh-1586268714-pr-1-1 which has status Running
Preview application is now available at: http://bdd-gh-1586268714-**-******************-bdd-gh-1586268714-pr-1.35.195.19.127.nip.io
