
Showing logs for build [32mjenkins-x-labs-bot-bdd-gh-15862-9jgvf-1[0m stage [32mfrom-build-pack[0m and container [32mstep-credential-initializer-p5cg2[0m
{"level":"warn","ts":1586268793.500434,"logger":"fallback-logger","caller":"logging/config.go:69","msg":"Fetch GitHub commit ID from kodata failed: \"ref: refs/heads/0.8.0-**-support-backwards-incompats\" is not a valid GitHub commit ID"}
{"level":"info","ts":1586268793.5009477,"logger":"fallback-logger","caller":"creds-init/main.go:40","msg":"Credentials initialized."}

Showing logs for build [32mjenkins-x-labs-bot-bdd-gh-15862-9jgvf-1[0m stage [32mfrom-build-pack[0m and container [32mstep-working-dir-initializer-68zjj[0m
{"level":"warn","ts":1586268794.0184813,"logger":"fallback-logger","caller":"logging/config.go:69","msg":"Fetch GitHub commit ID from kodata failed: open /var/run/ko/HEAD: no such file or directory"}
{"level":"info","ts":1586268794.019471,"logger":"fallback-logger","caller":"bash/main.go:64","msg":"Successfully executed command \"sh -c mkdir -p /workspace/source\"; output "}

Showing logs for build [32mjenkins-x-labs-bot-bdd-gh-15862-9jgvf-1[0m stage [32mfrom-build-pack[0m and container [32mstep-place-tools[0m

Showing logs for build [32mjenkins-x-labs-bot-bdd-gh-15862-9jgvf-1[0m stage [32mfrom-build-pack[0m and container [32mstep-git-source-jenkins-x-labs-bot-bdd-gh-15862-9jgvf-5fbhs[0m
{"level":"warn","ts":1586268873.1516535,"logger":"fallback-logger","caller":"logging/config.go:69","msg":"Fetch GitHub commit ID from kodata failed: \"ref: refs/heads/0.8.0-**-support-backwards-incompats\" is not a valid GitHub commit ID"}
{"level":"info","ts":1586268874.21194,"logger":"fallback-logger","caller":"git/git.go:103","msg":"Successfully cloned https://github.com/******************/bdd-gh-1586268714.git @ v0.0.1 in path /workspace/source"}

Showing logs for build [32mjenkins-x-labs-bot-bdd-gh-15862-9jgvf-1[0m stage [32mfrom-build-pack[0m and container [32mstep-git-merge[0m
Using SHAs from PULL_REFS=master:
WARNING: no SHAs to merge, falling back to initial cloned commit

Showing logs for build [32mjenkins-x-labs-bot-bdd-gh-15862-9jgvf-1[0m stage [32mfrom-build-pack[0m and container [32mstep-setup-jx-git-credentials[0m
Generated Git credentials file /workspace/xdg_config/git/credentials

Showing logs for build [32mjenkins-x-labs-bot-bdd-gh-15862-9jgvf-1[0m stage [32mfrom-build-pack[0m and container [32mstep-build-make-build[0m
CGO_ENABLED=0 GO15VENDOREXPERIMENT=1 go build -ldflags '' -o bin/bdd-gh-1586268714 main.go

Showing logs for build [32mjenkins-x-labs-bot-bdd-gh-15862-9jgvf-1[0m stage [32mfrom-build-pack[0m and container [32mstep-build-container-build[0m
ERROR: logging before flag.Parse: E0407 14:14:45.938534      12 metadata.go:241] Failed to unmarshal scopes: invalid character 'h' looking for beginning of value
[36mINFO[0m[0000] No base image, nothing to extract            
[36mINFO[0m[0000] cmd: EXPOSE                                  
[36mINFO[0m[0000] Adding exposed port: 8080/tcp                
[36mINFO[0m[0000] Using files from context: [/workspace/source/bin] 
[36mINFO[0m[0000] Skipping unpacking as no commands require it. 
[36mINFO[0m[0000] Taking snapshot of full filesystem...        
[36mINFO[0m[0000] EXPOSE 8080                                  
[36mINFO[0m[0000] cmd: EXPOSE                                  
[36mINFO[0m[0000] Adding exposed port: 8080/tcp                
[36mINFO[0m[0000] No files changed in this command, skipping snapshotting. 
[36mINFO[0m[0000] ENTRYPOINT ["/bdd-gh-1586268714"]            
[36mINFO[0m[0000] No files changed in this command, skipping snapshotting. 
[36mINFO[0m[0000] Using files from context: [/workspace/source/bin] 
[36mINFO[0m[0000] COPY ./bin/ /                                
[36mINFO[0m[0000] Taking snapshot of files...                  
2020/04/07 14:14:50 pushed blob: sha256:7210d503c7622ea76a59a69679c051257b30fdd7be4f3f7cd6f241b6e0bf5583
2020/04/07 14:14:50 pushed blob: sha256:9f1bd58268821f80905ddbb6ea16041b61a8628c4072c24ef32e2153725c779c
2020/04/07 14:14:51 gcr.io/jenkins-x-labs-bdd/bdd-gh-1586268714:0.0.1: digest: sha256:02fe106cef7c1898d303c280a1846c6b71dd4696f0a4be30d7962101a59ceeb1 size: 428

Showing logs for build [32mjenkins-x-labs-bot-bdd-gh-15862-9jgvf-1[0m stage [32mfrom-build-pack[0m and container [32mstep-build-post-build[0m
no CVE provider running in the current ** namespace so skip adding image to be analysed

Showing logs for build [32mjenkins-x-labs-bot-bdd-gh-15862-9jgvf-1[0m stage [32mfrom-build-pack[0m and container [32mstep-promote-changelog[0m
Converted /workspace/source/charts/bdd-gh-1586268714 to an unshallow repository
Generating change log from git ref f5b89a254b221cc3bbe7350d4e2790861ec57c98 => 36d31f018fa4c3293fe1e7b83d31bb38a2479018
Associating user x-0 in users.jenkins.io with email jenkins-x@googlegroups.com to git GitProvider user with login -0 as emails match
Adding label jenkins.io/git-github-userid=-0 to user x-0 in users.jenkins.io
WARNING: Failed to enrich commit c9dc840a1131d0e7e28bae3a6157685661140780 with issues: User.jenkins.io "x-0" is invalid: metadata.labels: Invalid value: "-0": a valid label must be an empty string or consist of alphanumeric characters, '-', '_' or '.', and must start and end with an alphanumeric character (e.g. 'MyValue',  or 'my_value',  or '12345', regex used for validation is '(([A-Za-z0-9][-A-Za-z0-9_.]*)?[A-Za-z0-9])?')
Finding issues in commit messages using git format
WARNING: No release found for ******************/bdd-gh-1586268714 and tag v0.0.1 so creating a new release
Updated the release information at https://github.com/******************/bdd-gh-1586268714/releases/tag/v0.0.1
generated: /workspace/source/charts/bdd-gh-1586268714/templates/release.yaml
Created Release bdd-gh-1586268714-0-0-1 resource in namespace **
Updating PipelineActivity ******************-bdd-gh-1586268714-master-1 with version 0.0.1
Updated PipelineActivities ******************-bdd-gh-1586268714-master-1 with release notes URL: https://github.com/******************/bdd-gh-1586268714/releases/tag/v0.0.1

Showing logs for build [32mjenkins-x-labs-bot-bdd-gh-15862-9jgvf-1[0m stage [32mfrom-build-pack[0m and container [32mstep-promote-helm-release[0m
WARNING: No $CHART_REPOSITORY defined so using the default value of: http://jenkins-x-chartmuseum:8080
Adding missing Helm repo: storage.googleapis.com https://storage.googleapis.com/chartmuseum.jenkins-x.io
Successfully added Helm repository storage.googleapis.com.
Adding missing Helm repo: jenkins-x-chartmuseum http://jenkins-x-chartmuseum:8080
Successfully added Helm repository jenkins-x-chartmuseum.
WARNING: No $CHART_REPOSITORY defined so using the default value of: http://jenkins-x-chartmuseum:8080
Uploading chart file bdd-gh-1586268714-0.0.1.tgz to http://jenkins-x-chartmuseum:8080/api/charts
Received 201 response: {"saved":true}

Showing logs for build [32mjenkins-x-labs-bot-bdd-gh-15862-9jgvf-1[0m stage [32mfrom-build-pack[0m and container [32mstep-promote-jx-promote[0m
WARNING: prow based install so skip waiting for the merge of Pull Requests to go green as currently there is an issue with gettingstatuses from the PR, see https://github.com/jenkins-x/**/issues/2410
WARNING: No $CHART_REPOSITORY defined so using the default value of: http://jenkins-x-chartmuseum:8080
Promoting app bdd-gh-1586268714 version 0.0.1 to namespace **-staging
WARNING: could not find upstream git URL failed to unmarshal  due to no GitConfDir defined
Created Pull Request: https://github.com/******************/environment-pr-77-7-mc-staging/pull/1
Added label updatebot to Pull Request https://github.com/******************/environment-pr-77-7-mc-staging/pull/1
got git provider status pending from PR https://github.com/******************/environment-pr-77-7-mc-staging/pull/1
got git provider status pending from PR https://github.com/******************/environment-pr-77-7-mc-staging/pull/1
got git provider status pending from PR https://github.com/******************/environment-pr-77-7-mc-staging/pull/1
got git provider status pending from PR https://github.com/******************/environment-pr-77-7-mc-staging/pull/1
Pull Request https://github.com/******************/environment-pr-77-7-mc-staging/pull/1 is merged at sha 07ae59ed4f6157e9a2e3c6b98ce7c01121a86ad5
Pull Request merged but we are not waiting for the update pipeline to complete!
WARNING: Could not find the service URL in namespace **-staging for names bdd-gh-1586268714, **-bdd-gh-1586268714, **-staging-bdd-gh-1586268714
